Start testing: Aug 27 02:07 CST
----------------------------------------------------------
1/5 Testing: FactorialTest.HandlesZero
1/5 Test: FactorialTest.HandlesZero
Command: "/home/goose/projects/algorithms/goose-lib/build/tests/run_tests" "--gtest_filter=FactorialTest.HandlesZero" "--gtest_also_run_disabled_tests"
Directory: /home/goose/projects/algorithms/goose-lib/build/tests
"FactorialTest.HandlesZero" start time: Aug 27 02:07 CST
Output:
----------------------------------------------------------
Running main() from /home/goose/projects/algorithms/goose-lib/build/_deps/googletest-src/googletest/src/gtest_main.cc
Note: Google Test filter = FactorialTest.HandlesZero
[==========] Running 1 test from 1 test suite.
[----------] Global test environment set-up.
[----------] 1 test from FactorialTest
[ RUN      ] FactorialTest.HandlesZero
[       OK ] FactorialTest.HandlesZero (0 ms)
[----------] 1 test from FactorialTest (0 ms total)

[----------] Global test environment tear-down
[==========] 1 test from 1 test suite ran. (0 ms total)
[  PASSED  ] 1 test.
<end of output>
Test time =   0.01 sec
----------------------------------------------------------
Test Passed.
"FactorialTest.HandlesZero" end time: Aug 27 02:07 CST
"FactorialTest.HandlesZero" time elapsed: 00:00:00
----------------------------------------------------------

2/5 Testing: FactorialTest.HandlesPositiveNumbers
2/5 Test: FactorialTest.HandlesPositiveNumbers
Command: "/home/goose/projects/algorithms/goose-lib/build/tests/run_tests" "--gtest_filter=FactorialTest.HandlesPositiveNumbers" "--gtest_also_run_disabled_tests"
Directory: /home/goose/projects/algorithms/goose-lib/build/tests
"FactorialTest.HandlesPositiveNumbers" start time: Aug 27 02:07 CST
Output:
----------------------------------------------------------
Running main() from /home/goose/projects/algorithms/goose-lib/build/_deps/googletest-src/googletest/src/gtest_main.cc
Note: Google Test filter = FactorialTest.HandlesPositiveNumbers
[==========] Running 1 test from 1 test suite.
[----------] Global test environment set-up.
[----------] 1 test from FactorialTest
[ RUN      ] FactorialTest.HandlesPositiveNumbers
[       OK ] FactorialTest.HandlesPositiveNumbers (0 ms)
[----------] 1 test from FactorialTest (0 ms total)

[----------] Global test environment tear-down
[==========] 1 test from 1 test suite ran. (0 ms total)
[  PASSED  ] 1 test.
<end of output>
Test time =   0.01 sec
----------------------------------------------------------
Test Passed.
"FactorialTest.HandlesPositiveNumbers" end time: Aug 27 02:07 CST
"FactorialTest.HandlesPositiveNumbers" time elapsed: 00:00:00
----------------------------------------------------------

3/5 Testing: SortTest.BubbleSortsAnUnsortedVector
3/5 Test: SortTest.BubbleSortsAnUnsortedVector
Command: "/home/goose/projects/algorithms/goose-lib/build/tests/run_tests" "--gtest_filter=SortTest.BubbleSortsAnUnsortedVector" "--gtest_also_run_disabled_tests"
Directory: /home/goose/projects/algorithms/goose-lib/build/tests
"SortTest.BubbleSortsAnUnsortedVector" start time: Aug 27 02:07 CST
Output:
----------------------------------------------------------
Running main() from /home/goose/projects/algorithms/goose-lib/build/_deps/googletest-src/googletest/src/gtest_main.cc
Note: Google Test filter = SortTest.BubbleSortsAnUnsortedVector
[==========] Running 1 test from 1 test suite.
[----------] Global test environment set-up.
[----------] 1 test from SortTest
[ RUN      ] SortTest.BubbleSortsAnUnsortedVector
[       OK ] SortTest.BubbleSortsAnUnsortedVector (0 ms)
[----------] 1 test from SortTest (0 ms total)

[----------] Global test environment tear-down
[==========] 1 test from 1 test suite ran. (0 ms total)
[  PASSED  ] 1 test.
<end of output>
Test time =   0.01 sec
----------------------------------------------------------
Test Passed.
"SortTest.BubbleSortsAnUnsortedVector" end time: Aug 27 02:07 CST
"SortTest.BubbleSortsAnUnsortedVector" time elapsed: 00:00:00
----------------------------------------------------------

4/5 Testing: SortTest.HandlesAlreadySortedVector
4/5 Test: SortTest.HandlesAlreadySortedVector
Command: "/home/goose/projects/algorithms/goose-lib/build/tests/run_tests" "--gtest_filter=SortTest.HandlesAlreadySortedVector" "--gtest_also_run_disabled_tests"
Directory: /home/goose/projects/algorithms/goose-lib/build/tests
"SortTest.HandlesAlreadySortedVector" start time: Aug 27 02:07 CST
Output:
----------------------------------------------------------
Running main() from /home/goose/projects/algorithms/goose-lib/build/_deps/googletest-src/googletest/src/gtest_main.cc
Note: Google Test filter = SortTest.HandlesAlreadySortedVector
[==========] Running 1 test from 1 test suite.
[----------] Global test environment set-up.
[----------] 1 test from SortTest
[ RUN      ] SortTest.HandlesAlreadySortedVector
[       OK ] SortTest.HandlesAlreadySortedVector (0 ms)
[----------] 1 test from SortTest (0 ms total)

[----------] Global test environment tear-down
[==========] 1 test from 1 test suite ran. (0 ms total)
[  PASSED  ] 1 test.
<end of output>
Test time =   0.01 sec
----------------------------------------------------------
Test Passed.
"SortTest.HandlesAlreadySortedVector" end time: Aug 27 02:07 CST
"SortTest.HandlesAlreadySortedVector" time elapsed: 00:00:00
----------------------------------------------------------

5/5 Testing: SortTest.HandlesEmptyVector
5/5 Test: SortTest.HandlesEmptyVector
Command: "/home/goose/projects/algorithms/goose-lib/build/tests/run_tests" "--gtest_filter=SortTest.HandlesEmptyVector" "--gtest_also_run_disabled_tests"
Directory: /home/goose/projects/algorithms/goose-lib/build/tests
"SortTest.HandlesEmptyVector" start time: Aug 27 02:07 CST
Output:
----------------------------------------------------------
Running main() from /home/goose/projects/algorithms/goose-lib/build/_deps/googletest-src/googletest/src/gtest_main.cc
Note: Google Test filter = SortTest.HandlesEmptyVector
[==========] Running 1 test from 1 test suite.
[----------] Global test environment set-up.
[----------] 1 test from SortTest
[ RUN      ] SortTest.HandlesEmptyVector
[       OK ] SortTest.HandlesEmptyVector (0 ms)
[----------] 1 test from SortTest (0 ms total)

[----------] Global test environment tear-down
[==========] 1 test from 1 test suite ran. (0 ms total)
[  PASSED  ] 1 test.
<end of output>
Test time =   0.01 sec
----------------------------------------------------------
Test Passed.
"SortTest.HandlesEmptyVector" end time: Aug 27 02:07 CST
"SortTest.HandlesEmptyVector" time elapsed: 00:00:00
----------------------------------------------------------

End testing: Aug 27 02:07 CST
